{"C:\\Users\\Administrator\\Documents\\sync-portfolio\\app.js": {"path":"C:\\Users\\Administrator\\Documents\\sync-portfolio\\app.js","statementMap":{"0":{"start":{"line":6,"column":12},"end":{"line":6,"column":21}},"1":{"start":{"line":7,"column":0},"end":{"line":7,"column":24}},"2":{"start":{"line":9,"column":0},"end":{"line":9,"column":37}},"3":{"start":{"line":10,"column":0},"end":{"line":10,"column":45}},"4":{"start":{"line":11,"column":0},"end":{"line":11,"column":35}},"5":{"start":{"line":15,"column":0},"end":{"line":17,"column":1}},"6":{"start":{"line":16,"column":2},"end":{"line":16,"column":69}},"7":{"start":{"line":16,"column":25},"end":{"line":16,"column":67}}},"fnMap":{"0":{"name":"(anonymous_0)","decl":{"start":{"line":16,"column":19},"end":{"line":16,"column":20}},"loc":{"start":{"line":16,"column":25},"end":{"line":16,"column":67}},"line":16}},"branchMap":{"0":{"loc":{"start":{"line":15,"column":0},"end":{"line":17,"column":1}},"type":"if","locations":[{"start":{"line":15,"column":0},"end":{"line":17,"column":1}},{"start":{},"end":{}}],"line":15}},"s":{"0":1,"1":1,"2":1,"3":1,"4":1,"5":1,"6":0,"7":0},"f":{"0":0},"b":{"0":[0,1]},"_coverageSchema":"1a1c01bbd47fc00a2c39e90264f33305004495a9","hash":"29b9c294915f9809fc1468a107b46161f5a4d5f6"}
,"C:\\Users\\Administrator\\Documents\\sync-portfolio\\controllers\\accountController.js": {"path":"C:\\Users\\Administrator\\Documents\\sync-portfolio\\controllers\\accountController.js","statementMap":{"0":{"start":{"line":4,"column":2},"end":{"line":11,"column":3}},"1":{"start":{"line":5,"column":20},"end":{"line":5,"column":38}},"2":{"start":{"line":6,"column":4},"end":{"line":6,"column":47}},"3":{"start":{"line":7,"column":4},"end":{"line":7,"column":26}},"4":{"start":{"line":9,"column":4},"end":{"line":9,"column":62}},"5":{"start":{"line":10,"column":4},"end":{"line":10,"column":49}},"6":{"start":{"line":15,"column":21},"end":{"line":15,"column":29}},"7":{"start":{"line":16,"column":2},"end":{"line":22,"column":3}},"8":{"start":{"line":17,"column":19},"end":{"line":17,"column":41}},"9":{"start":{"line":18,"column":4},"end":{"line":18,"column":21}},"10":{"start":{"line":20,"column":4},"end":{"line":20,"column":60}},"11":{"start":{"line":21,"column":4},"end":{"line":21,"column":49}},"12":{"start":{"line":26,"column":21},"end":{"line":26,"column":29}},"13":{"start":{"line":27,"column":2},"end":{"line":33,"column":3}},"14":{"start":{"line":28,"column":19},"end":{"line":28,"column":46}},"15":{"start":{"line":29,"column":4},"end":{"line":29,"column":21}},"16":{"start":{"line":31,"column":4},"end":{"line":31,"column":65}},"17":{"start":{"line":32,"column":4},"end":{"line":32,"column":49}}},"fnMap":{"0":{"name":"getBalanceHandler","decl":{"start":{"line":3,"column":22},"end":{"line":3,"column":39}},"loc":{"start":{"line":3,"column":50},"end":{"line":12,"column":1}},"line":3},"1":{"name":"addMoneyHandler","decl":{"start":{"line":14,"column":22},"end":{"line":14,"column":37}},"loc":{"start":{"line":14,"column":48},"end":{"line":23,"column":1}},"line":14},"2":{"name":"withdrawMoneyHandler","decl":{"start":{"line":25,"column":22},"end":{"line":25,"column":42}},"loc":{"start":{"line":25,"column":53},"end":{"line":34,"column":1}},"line":25}},"branchMap":{},"s":{"0":2,"1":2,"2":1,"3":1,"4":1,"5":1,"6":0,"7":0,"8":0,"9":0,"10":0,"11":0,"12":0,"13":0,"14":0,"15":0,"16":0,"17":0},"f":{"0":2,"1":0,"2":0},"b":{},"_coverageSchema":"1a1c01bbd47fc00a2c39e90264f33305004495a9","hash":"27f1abf3d6fa1b46ce3b9169fc07b8b2f7fed97a"}
,"C:\\Users\\Administrator\\Documents\\sync-portfolio\\controllers\\holdingsController.js": {"path":"C:\\Users\\Administrator\\Documents\\sync-portfolio\\controllers\\holdingsController.js","statementMap":{"0":{"start":{"line":4,"column":2},"end":{"line":4,"column":50}},"1":{"start":{"line":5,"column":2},"end":{"line":16,"column":3}},"2":{"start":{"line":6,"column":17},"end":{"line":6,"column":36}},"3":{"start":{"line":7,"column":4},"end":{"line":12,"column":5}},"4":{"start":{"line":8,"column":6},"end":{"line":8,"column":55}},"5":{"start":{"line":9,"column":6},"end":{"line":9,"column":19}},"6":{"start":{"line":11,"column":6},"end":{"line":11,"column":21}},"7":{"start":{"line":14,"column":4},"end":{"line":14,"column":55}},"8":{"start":{"line":15,"column":4},"end":{"line":15,"column":49}},"9":{"start":{"line":20,"column":38},"end":{"line":20,"column":46}},"10":{"start":{"line":21,"column":2},"end":{"line":26,"column":3}},"11":{"start":{"line":22,"column":4},"end":{"line":22,"column":66}},"12":{"start":{"line":23,"column":4},"end":{"line":23,"column":29}},"13":{"start":{"line":25,"column":4},"end":{"line":25,"column":49}},"14":{"start":{"line":30,"column":38},"end":{"line":30,"column":46}},"15":{"start":{"line":31,"column":2},"end":{"line":36,"column":3}},"16":{"start":{"line":32,"column":4},"end":{"line":32,"column":67}},"17":{"start":{"line":33,"column":4},"end":{"line":33,"column":27}},"18":{"start":{"line":35,"column":4},"end":{"line":35,"column":49}}},"fnMap":{"0":{"name":"getHoldingsHandler","decl":{"start":{"line":3,"column":22},"end":{"line":3,"column":40}},"loc":{"start":{"line":3,"column":51},"end":{"line":17,"column":1}},"line":3},"1":{"name":"buyStockHandler","decl":{"start":{"line":19,"column":22},"end":{"line":19,"column":37}},"loc":{"start":{"line":19,"column":48},"end":{"line":27,"column":1}},"line":19},"2":{"name":"sellStockHandler","decl":{"start":{"line":29,"column":22},"end":{"line":29,"column":38}},"loc":{"start":{"line":29,"column":49},"end":{"line":37,"column":1}},"line":29}},"branchMap":{"0":{"loc":{"start":{"line":7,"column":4},"end":{"line":12,"column":5}},"type":"if","locations":[{"start":{"line":7,"column":4},"end":{"line":12,"column":5}},{"start":{"line":10,"column":11},"end":{"line":12,"column":5}}],"line":7}},"s":{"0":3,"1":3,"2":3,"3":2,"4":1,"5":1,"6":1,"7":1,"8":1,"9":2,"10":2,"11":2,"12":1,"13":1,"14":2,"15":2,"16":2,"17":1,"18":1},"f":{"0":3,"1":2,"2":2},"b":{"0":[1,1]},"_coverageSchema":"1a1c01bbd47fc00a2c39e90264f33305004495a9","hash":"654100d91ee597a8b1166952ff0fcffa7b5fa46f"}
,"C:\\Users\\Administrator\\Documents\\sync-portfolio\\controllers\\transactionsController.js": {"path":"C:\\Users\\Administrator\\Documents\\sync-portfolio\\controllers\\transactionsController.js","statementMap":{"0":{"start":{"line":5,"column":2},"end":{"line":10,"column":3}},"1":{"start":{"line":6,"column":19},"end":{"line":6,"column":60}},"2":{"start":{"line":7,"column":4},"end":{"line":7,"column":19}},"3":{"start":{"line":9,"column":4},"end":{"line":9,"column":49}}},"fnMap":{"0":{"name":"getTransactionsHandler","decl":{"start":{"line":4,"column":22},"end":{"line":4,"column":44}},"loc":{"start":{"line":4,"column":55},"end":{"line":11,"column":1}},"line":4}},"branchMap":{},"s":{"0":2,"1":2,"2":1,"3":1},"f":{"0":2},"b":{},"_coverageSchema":"1a1c01bbd47fc00a2c39e90264f33305004495a9","hash":"79072182f14954dd1fc543a6fc7f552011d53aee"}
,"C:\\Users\\Administrator\\Documents\\sync-portfolio\\models\\queries.js": {"path":"C:\\Users\\Administrator\\Documents\\sync-portfolio\\models\\queries.js","statementMap":{},"fnMap":{},"branchMap":{},"s":{},"f":{},"b":{},"_coverageSchema":"1a1c01bbd47fc00a2c39e90264f33305004495a9","hash":"a6ed6b918e21d9199923831bc2062a55be440a0b"}
,"C:\\Users\\Administrator\\Documents\\sync-portfolio\\routes\\accountRoutes.js": {"path":"C:\\Users\\Administrator\\Documents\\sync-portfolio\\routes\\accountRoutes.js","statementMap":{"0":{"start":{"line":4,"column":17},"end":{"line":4,"column":25}},"1":{"start":{"line":5,"column":2},"end":{"line":5,"column":44}},"2":{"start":{"line":6,"column":2},"end":{"line":6,"column":39}},"3":{"start":{"line":7,"column":2},"end":{"line":7,"column":49}}},"fnMap":{},"branchMap":{},"s":{"0":1,"1":1,"2":1,"3":1},"f":{},"b":{},"_coverageSchema":"1a1c01bbd47fc00a2c39e90264f33305004495a9","hash":"eb8226e83daf36692c685cdfad490b59e203e6aa"}
,"C:\\Users\\Administrator\\Documents\\sync-portfolio\\routes\\holdingsRoutes.js": {"path":"C:\\Users\\Administrator\\Documents\\sync-portfolio\\routes\\holdingsRoutes.js","statementMap":{"0":{"start":{"line":4,"column":15},"end":{"line":4,"column":31}},"1":{"start":{"line":6,"column":0},"end":{"line":6,"column":36}},"2":{"start":{"line":7,"column":0},"end":{"line":7,"column":37}},"3":{"start":{"line":8,"column":0},"end":{"line":8,"column":43}}},"fnMap":{},"branchMap":{},"s":{"0":1,"1":1,"2":1,"3":1},"f":{},"b":{},"_coverageSchema":"1a1c01bbd47fc00a2c39e90264f33305004495a9","hash":"06e671fb81507336eb23d0faf6c95737328cdcde"}
,"C:\\Users\\Administrator\\Documents\\sync-portfolio\\routes\\transactionsRoutes.js": {"path":"C:\\Users\\Administrator\\Documents\\sync-portfolio\\routes\\transactionsRoutes.js","statementMap":{"0":{"start":{"line":4,"column":15},"end":{"line":4,"column":31}},"1":{"start":{"line":6,"column":0},"end":{"line":6,"column":40}}},"fnMap":{},"branchMap":{},"s":{"0":1,"1":1},"f":{},"b":{},"_coverageSchema":"1a1c01bbd47fc00a2c39e90264f33305004495a9","hash":"f52fb72abeba23d5ba9721ce71a3496f0d061364"}
,"C:\\Users\\Administrator\\Documents\\sync-portfolio\\services\\accountService.js": {"path":"C:\\Users\\Administrator\\Documents\\sync-portfolio\\services\\accountService.js","statementMap":{"0":{"start":{"line":5,"column":20},"end":{"line":5,"column":62}},"1":{"start":{"line":6,"column":2},"end":{"line":8,"column":3}},"2":{"start":{"line":7,"column":4},"end":{"line":7,"column":29}},"3":{"start":{"line":9,"column":2},"end":{"line":9,"column":38}},"4":{"start":{"line":13,"column":2},"end":{"line":15,"column":3}},"5":{"start":{"line":14,"column":4},"end":{"line":14,"column":71}},"6":{"start":{"line":16,"column":21},"end":{"line":16,"column":47}},"7":{"start":{"line":17,"column":2},"end":{"line":45,"column":3}},"8":{"start":{"line":18,"column":4},"end":{"line":18,"column":40}},"9":{"start":{"line":19,"column":22},"end":{"line":19,"column":70}},"10":{"start":{"line":20,"column":20},"end":{"line":20,"column":38}},"11":{"start":{"line":21,"column":22},"end":{"line":21,"column":23}},"12":{"start":{"line":23,"column":4},"end":{"line":29,"column":5}},"13":{"start":{"line":24,"column":6},"end":{"line":24,"column":50}},"14":{"start":{"line":25,"column":6},"end":{"line":25,"column":31}},"15":{"start":{"line":26,"column":6},"end":{"line":26,"column":81}},"16":{"start":{"line":28,"column":6},"end":{"line":28,"column":47}},"17":{"start":{"line":31,"column":4},"end":{"line":31,"column":66}},"18":{"start":{"line":32,"column":4},"end":{"line":32,"column":30}},"19":{"start":{"line":33,"column":4},"end":{"line":33,"column":59}},"20":{"start":{"line":34,"column":4},"end":{"line":38,"column":6}},"21":{"start":{"line":40,"column":4},"end":{"line":40,"column":32}},"22":{"start":{"line":41,"column":4},"end":{"line":41,"column":55}},"23":{"start":{"line":42,"column":4},"end":{"line":42,"column":14}},"24":{"start":{"line":44,"column":4},"end":{"line":44,"column":25}},"25":{"start":{"line":49,"column":2},"end":{"line":51,"column":3}},"26":{"start":{"line":50,"column":4},"end":{"line":50,"column":71}},"27":{"start":{"line":52,"column":21},"end":{"line":52,"column":47}},"28":{"start":{"line":53,"column":2},"end":{"line":78,"column":3}},"29":{"start":{"line":54,"column":4},"end":{"line":54,"column":40}},"30":{"start":{"line":55,"column":22},"end":{"line":55,"column":70}},"31":{"start":{"line":56,"column":4},"end":{"line":58,"column":5}},"32":{"start":{"line":57,"column":6},"end":{"line":57,"column":42}},"33":{"start":{"line":59,"column":24},"end":{"line":59,"column":53}},"34":{"start":{"line":60,"column":22},"end":{"line":60,"column":54}},"35":{"start":{"line":61,"column":4},"end":{"line":63,"column":5}},"36":{"start":{"line":62,"column":6},"end":{"line":62,"column":59}},"37":{"start":{"line":64,"column":4},"end":{"line":64,"column":66}},"38":{"start":{"line":65,"column":4},"end":{"line":65,"column":30}},"39":{"start":{"line":66,"column":4},"end":{"line":66,"column":79}},"40":{"start":{"line":67,"column":4},"end":{"line":71,"column":6}},"41":{"start":{"line":73,"column":4},"end":{"line":73,"column":32}},"42":{"start":{"line":74,"column":4},"end":{"line":74,"column":60}},"43":{"start":{"line":75,"column":4},"end":{"line":75,"column":14}},"44":{"start":{"line":77,"column":4},"end":{"line":77,"column":25}}},"fnMap":{"0":{"name":"getBalance","decl":{"start":{"line":4,"column":22},"end":{"line":4,"column":32}},"loc":{"start":{"line":4,"column":35},"end":{"line":10,"column":1}},"line":4},"1":{"name":"addMoney","decl":{"start":{"line":12,"column":22},"end":{"line":12,"column":30}},"loc":{"start":{"line":12,"column":39},"end":{"line":46,"column":1}},"line":12},"2":{"name":"withdrawMoney","decl":{"start":{"line":48,"column":22},"end":{"line":48,"column":35}},"loc":{"start":{"line":48,"column":44},"end":{"line":79,"column":1}},"line":48}},"branchMap":{"0":{"loc":{"start":{"line":6,"column":2},"end":{"line":8,"column":3}},"type":"if","locations":[{"start":{"line":6,"column":2},"end":{"line":8,"column":3}},{"start":{},"end":{}}],"line":6},"1":{"loc":{"start":{"line":13,"column":2},"end":{"line":15,"column":3}},"type":"if","locations":[{"start":{"line":13,"column":2},"end":{"line":15,"column":3}},{"start":{},"end":{}}],"line":13},"2":{"loc":{"start":{"line":13,"column":6},"end":{"line":13,"column":34}},"type":"binary-expr","locations":[{"start":{"line":13,"column":6},"end":{"line":13,"column":19}},{"start":{"line":13,"column":23},"end":{"line":13,"column":34}}],"line":13},"3":{"loc":{"start":{"line":23,"column":4},"end":{"line":29,"column":5}},"type":"if","locations":[{"start":{"line":23,"column":4},"end":{"line":29,"column":5}},{"start":{"line":27,"column":11},"end":{"line":29,"column":5}}],"line":23},"4":{"loc":{"start":{"line":49,"column":2},"end":{"line":51,"column":3}},"type":"if","locations":[{"start":{"line":49,"column":2},"end":{"line":51,"column":3}},{"start":{},"end":{}}],"line":49},"5":{"loc":{"start":{"line":49,"column":6},"end":{"line":49,"column":34}},"type":"binary-expr","locations":[{"start":{"line":49,"column":6},"end":{"line":49,"column":19}},{"start":{"line":49,"column":23},"end":{"line":49,"column":34}}],"line":49},"6":{"loc":{"start":{"line":56,"column":4},"end":{"line":58,"column":5}},"type":"if","locations":[{"start":{"line":56,"column":4},"end":{"line":58,"column":5}},{"start":{},"end":{}}],"line":56},"7":{"loc":{"start":{"line":61,"column":4},"end":{"line":63,"column":5}},"type":"if","locations":[{"start":{"line":61,"column":4},"end":{"line":63,"column":5}},{"start":{},"end":{}}],"line":61}},"s":{"0":0,"1":0,"2":0,"3":0,"4":0,"5":0,"6":0,"7":0,"8":0,"9":0,"10":0,"11":0,"12":0,"13":0,"14":0,"15":0,"16":0,"17":0,"18":0,"19":0,"20":0,"21":0,"22":0,"23":0,"24":0,"25":0,"26":0,"27":0,"28":0,"29":0,"30":0,"31":0,"32":0,"33":0,"34":0,"35":0,"36":0,"37":0,"38":0,"39":0,"40":0,"41":0,"42":0,"43":0,"44":0},"f":{"0":0,"1":0,"2":0},"b":{"0":[0,0],"1":[0,0],"2":[0,0],"3":[0,0],"4":[0,0],"5":[0,0],"6":[0,0],"7":[0,0]},"_coverageSchema":"1a1c01bbd47fc00a2c39e90264f33305004495a9","hash":"3a2f3a76831d620f788172d49cf22eb92ed8e378"}
,"C:\\Users\\Administrator\\Documents\\sync-portfolio\\services\\holdingsService.js": {"path":"C:\\Users\\Administrator\\Documents\\sync-portfolio\\services\\holdingsService.js","statementMap":{"0":{"start":{"line":6,"column":17},"end":{"line":6,"column":57}},"1":{"start":{"line":7,"column":2},"end":{"line":24,"column":6}},"2":{"start":{"line":8,"column":25},"end":{"line":8,"column":60}},"3":{"start":{"line":9,"column":14},"end":{"line":9,"column":18}},"4":{"start":{"line":10,"column":4},"end":{"line":16,"column":5}},"5":{"start":{"line":11,"column":6},"end":{"line":11,"column":67}},"6":{"start":{"line":12,"column":6},"end":{"line":12,"column":33}},"7":{"start":{"line":14,"column":6},"end":{"line":14,"column":85}},"8":{"start":{"line":15,"column":6},"end":{"line":15,"column":18}},"9":{"start":{"line":17,"column":4},"end":{"line":23,"column":6}},"10":{"start":{"line":28,"column":23},"end":{"line":28,"column":60}},"11":{"start":{"line":29,"column":2},"end":{"line":31,"column":3}},"12":{"start":{"line":30,"column":4},"end":{"line":30,"column":38}},"13":{"start":{"line":32,"column":2},"end":{"line":34,"column":3}},"14":{"start":{"line":33,"column":4},"end":{"line":33,"column":59}},"15":{"start":{"line":35,"column":16},"end":{"line":35,"column":32}},"16":{"start":{"line":37,"column":21},"end":{"line":37,"column":47}},"17":{"start":{"line":38,"column":2},"end":{"line":74,"column":3}},"18":{"start":{"line":39,"column":4},"end":{"line":39,"column":40}},"19":{"start":{"line":41,"column":22},"end":{"line":41,"column":70}},"20":{"start":{"line":42,"column":18},"end":{"line":42,"column":19}},"21":{"start":{"line":43,"column":4},"end":{"line":48,"column":5}},"22":{"start":{"line":44,"column":6},"end":{"line":44,"column":46}},"23":{"start":{"line":45,"column":6},"end":{"line":45,"column":50}},"24":{"start":{"line":47,"column":6},"end":{"line":47,"column":47}},"25":{"start":{"line":49,"column":23},"end":{"line":49,"column":38}},"26":{"start":{"line":50,"column":4},"end":{"line":52,"column":5}},"27":{"start":{"line":51,"column":6},"end":{"line":51,"column":44}},"28":{"start":{"line":54,"column":23},"end":{"line":54,"column":83}},"29":{"start":{"line":55,"column":4},"end":{"line":55,"column":88}},"30":{"start":{"line":56,"column":4},"end":{"line":56,"column":67}},"31":{"start":{"line":58,"column":4},"end":{"line":65,"column":5}},"32":{"start":{"line":59,"column":18},"end":{"line":59,"column":29}},"33":{"start":{"line":60,"column":21},"end":{"line":60,"column":44}},"34":{"start":{"line":61,"column":26},"end":{"line":61,"column":88}},"35":{"start":{"line":62,"column":6},"end":{"line":62,"column":83}},"36":{"start":{"line":64,"column":6},"end":{"line":64,"column":79}},"37":{"start":{"line":66,"column":4},"end":{"line":66,"column":30}},"38":{"start":{"line":67,"column":4},"end":{"line":67,"column":111}},"39":{"start":{"line":69,"column":4},"end":{"line":69,"column":32}},"40":{"start":{"line":70,"column":4},"end":{"line":70,"column":59}},"41":{"start":{"line":71,"column":4},"end":{"line":71,"column":14}},"42":{"start":{"line":73,"column":4},"end":{"line":73,"column":25}},"43":{"start":{"line":78,"column":23},"end":{"line":78,"column":60}},"44":{"start":{"line":79,"column":2},"end":{"line":81,"column":3}},"45":{"start":{"line":80,"column":4},"end":{"line":80,"column":38}},"46":{"start":{"line":82,"column":2},"end":{"line":84,"column":3}},"47":{"start":{"line":83,"column":4},"end":{"line":83,"column":59}},"48":{"start":{"line":85,"column":16},"end":{"line":85,"column":32}},"49":{"start":{"line":87,"column":21},"end":{"line":87,"column":47}},"50":{"start":{"line":88,"column":2},"end":{"line":123,"column":3}},"51":{"start":{"line":89,"column":4},"end":{"line":89,"column":40}},"52":{"start":{"line":90,"column":23},"end":{"line":90,"column":83}},"53":{"start":{"line":91,"column":4},"end":{"line":93,"column":5}},"54":{"start":{"line":92,"column":6},"end":{"line":92,"column":45}},"55":{"start":{"line":96,"column":22},"end":{"line":96,"column":70}},"56":{"start":{"line":97,"column":21},"end":{"line":97,"column":26}},"57":{"start":{"line":98,"column":4},"end":{"line":104,"column":5}},"58":{"start":{"line":99,"column":26},"end":{"line":99,"column":55}},"59":{"start":{"line":100,"column":6},"end":{"line":100,"column":32}},"60":{"start":{"line":101,"column":6},"end":{"line":101,"column":107}},"61":{"start":{"line":103,"column":6},"end":{"line":103,"column":83}},"62":{"start":{"line":106,"column":4},"end":{"line":106,"column":89}},"63":{"start":{"line":107,"column":4},"end":{"line":107,"column":67}},"64":{"start":{"line":109,"column":25},"end":{"line":109,"column":56}},"65":{"start":{"line":110,"column":4},"end":{"line":114,"column":5}},"66":{"start":{"line":111,"column":6},"end":{"line":111,"column":62}},"67":{"start":{"line":113,"column":6},"end":{"line":113,"column":99}},"68":{"start":{"line":115,"column":4},"end":{"line":115,"column":30}},"69":{"start":{"line":116,"column":4},"end":{"line":116,"column":81}},"70":{"start":{"line":118,"column":4},"end":{"line":118,"column":32}},"71":{"start":{"line":119,"column":4},"end":{"line":119,"column":60}},"72":{"start":{"line":120,"column":4},"end":{"line":120,"column":14}},"73":{"start":{"line":122,"column":4},"end":{"line":122,"column":25}}},"fnMap":{"0":{"name":"getHoldings","decl":{"start":{"line":5,"column":22},"end":{"line":5,"column":33}},"loc":{"start":{"line":5,"column":36},"end":{"line":25,"column":1}},"line":5},"1":{"name":"(anonymous_1)","decl":{"start":{"line":7,"column":36},"end":{"line":7,"column":37}},"loc":{"start":{"line":7,"column":51},"end":{"line":24,"column":3}},"line":7},"2":{"name":"buyStock","decl":{"start":{"line":27,"column":22},"end":{"line":27,"column":30}},"loc":{"start":{"line":27,"column":56},"end":{"line":75,"column":1}},"line":27},"3":{"name":"sellStock","decl":{"start":{"line":77,"column":22},"end":{"line":77,"column":31}},"loc":{"start":{"line":77,"column":57},"end":{"line":124,"column":1}},"line":77}},"branchMap":{"0":{"loc":{"start":{"line":10,"column":4},"end":{"line":16,"column":5}},"type":"if","locations":[{"start":{"line":10,"column":4},"end":{"line":16,"column":5}},{"start":{"line":13,"column":11},"end":{"line":16,"column":5}}],"line":10},"1":{"loc":{"start":{"line":10,"column":8},"end":{"line":10,"column":55}},"type":"binary-expr","locations":[{"start":{"line":10,"column":8},"end":{"line":10,"column":29}},{"start":{"line":10,"column":33},"end":{"line":10,"column":55}}],"line":10},"2":{"loc":{"start":{"line":21,"column":21},"end":{"line":21,"column":65}},"type":"cond-expr","locations":[{"start":{"line":21,"column":45},"end":{"line":21,"column":57}},{"start":{"line":21,"column":60},"end":{"line":21,"column":65}}],"line":21},"3":{"loc":{"start":{"line":29,"column":2},"end":{"line":31,"column":3}},"type":"if","locations":[{"start":{"line":29,"column":2},"end":{"line":31,"column":3}},{"start":{},"end":{}}],"line":29},"4":{"loc":{"start":{"line":32,"column":2},"end":{"line":34,"column":3}},"type":"if","locations":[{"start":{"line":32,"column":2},"end":{"line":34,"column":3}},{"start":{},"end":{}}],"line":32},"5":{"loc":{"start":{"line":32,"column":6},"end":{"line":32,"column":33}},"type":"binary-expr","locations":[{"start":{"line":32,"column":6},"end":{"line":32,"column":19}},{"start":{"line":32,"column":23},"end":{"line":32,"column":33}}],"line":32},"6":{"loc":{"start":{"line":43,"column":4},"end":{"line":48,"column":5}},"type":"if","locations":[{"start":{"line":43,"column":4},"end":{"line":48,"column":5}},{"start":{"line":46,"column":11},"end":{"line":48,"column":5}}],"line":43},"7":{"loc":{"start":{"line":50,"column":4},"end":{"line":52,"column":5}},"type":"if","locations":[{"start":{"line":50,"column":4},"end":{"line":52,"column":5}},{"start":{},"end":{}}],"line":50},"8":{"loc":{"start":{"line":58,"column":4},"end":{"line":65,"column":5}},"type":"if","locations":[{"start":{"line":58,"column":4},"end":{"line":65,"column":5}},{"start":{"line":63,"column":11},"end":{"line":65,"column":5}}],"line":58},"9":{"loc":{"start":{"line":79,"column":2},"end":{"line":81,"column":3}},"type":"if","locations":[{"start":{"line":79,"column":2},"end":{"line":81,"column":3}},{"start":{},"end":{}}],"line":79},"10":{"loc":{"start":{"line":82,"column":2},"end":{"line":84,"column":3}},"type":"if","locations":[{"start":{"line":82,"column":2},"end":{"line":84,"column":3}},{"start":{},"end":{}}],"line":82},"11":{"loc":{"start":{"line":82,"column":6},"end":{"line":82,"column":33}},"type":"binary-expr","locations":[{"start":{"line":82,"column":6},"end":{"line":82,"column":19}},{"start":{"line":82,"column":23},"end":{"line":82,"column":33}}],"line":82},"12":{"loc":{"start":{"line":91,"column":4},"end":{"line":93,"column":5}},"type":"if","locations":[{"start":{"line":91,"column":4},"end":{"line":93,"column":5}},{"start":{},"end":{}}],"line":91},"13":{"loc":{"start":{"line":91,"column":8},"end":{"line":91,"column":59}},"type":"binary-expr","locations":[{"start":{"line":91,"column":8},"end":{"line":91,"column":24}},{"start":{"line":91,"column":28},"end":{"line":91,"column":59}}],"line":91},"14":{"loc":{"start":{"line":98,"column":4},"end":{"line":104,"column":5}},"type":"if","locations":[{"start":{"line":98,"column":4},"end":{"line":104,"column":5}},{"start":{"line":102,"column":11},"end":{"line":104,"column":5}}],"line":98},"15":{"loc":{"start":{"line":110,"column":4},"end":{"line":114,"column":5}},"type":"if","locations":[{"start":{"line":110,"column":4},"end":{"line":114,"column":5}},{"start":{"line":112,"column":11},"end":{"line":114,"column":5}}],"line":110}},"s":{"0":0,"1":0,"2":0,"3":0,"4":0,"5":0,"6":0,"7":0,"8":0,"9":0,"10":0,"11":0,"12":0,"13":0,"14":0,"15":0,"16":0,"17":0,"18":0,"19":0,"20":0,"21":0,"22":0,"23":0,"24":0,"25":0,"26":0,"27":0,"28":0,"29":0,"30":0,"31":0,"32":0,"33":0,"34":0,"35":0,"36":0,"37":0,"38":0,"39":0,"40":0,"41":0,"42":0,"43":0,"44":0,"45":0,"46":0,"47":0,"48":0,"49":0,"50":0,"51":0,"52":0,"53":0,"54":0,"55":0,"56":0,"57":0,"58":0,"59":0,"60":0,"61":0,"62":0,"63":0,"64":0,"65":0,"66":0,"67":0,"68":0,"69":0,"70":0,"71":0,"72":0,"73":0},"f":{"0":0,"1":0,"2":0,"3":0},"b":{"0":[0,0],"1":[0,0],"2":[0,0],"3":[0,0],"4":[0,0],"5":[0,0],"6":[0,0],"7":[0,0],"8":[0,0],"9":[0,0],"10":[0,0],"11":[0,0],"12":[0,0],"13":[0,0],"14":[0,0],"15":[0,0]},"_coverageSchema":"1a1c01bbd47fc00a2c39e90264f33305004495a9","hash":"f7cb81b23fcf2d4ece2f4ef1d989b4bea19bee64"}
,"C:\\Users\\Administrator\\Documents\\sync-portfolio\\utils\\priceFetcher.js": {"path":"C:\\Users\\Administrator\\Documents\\sync-portfolio\\utils\\priceFetcher.js","statementMap":{"0":{"start":{"line":4,"column":2},"end":{"line":25,"column":3}},"1":{"start":{"line":5,"column":21},"end":{"line":7,"column":5}},"2":{"start":{"line":8,"column":22},"end":{"line":8,"column":47}},"3":{"start":{"line":9,"column":24},"end":{"line":9,"column":78}},"4":{"start":{"line":10,"column":4},"end":{"line":10,"column":60}},"5":{"start":{"line":13,"column":23},"end":{"line":13,"column":110}},"6":{"start":{"line":13,"column":67},"end":{"line":13,"column":109}},"7":{"start":{"line":15,"column":4},"end":{"line":18,"column":5}},"8":{"start":{"line":16,"column":6},"end":{"line":16,"column":72}},"9":{"start":{"line":17,"column":6},"end":{"line":17,"column":18}},"10":{"start":{"line":20,"column":4},"end":{"line":20,"column":63}},"11":{"start":{"line":21,"column":4},"end":{"line":21,"column":22}},"12":{"start":{"line":23,"column":4},"end":{"line":23,"column":71}},"13":{"start":{"line":24,"column":4},"end":{"line":24,"column":16}}},"fnMap":{"0":{"name":"fetchCurrentPrice","decl":{"start":{"line":3,"column":22},"end":{"line":3,"column":39}},"loc":{"start":{"line":3,"column":48},"end":{"line":26,"column":1}},"line":3},"1":{"name":"(anonymous_1)","decl":{"start":{"line":13,"column":58},"end":{"line":13,"column":59}},"loc":{"start":{"line":13,"column":67},"end":{"line":13,"column":109}},"line":13}},"branchMap":{"0":{"loc":{"start":{"line":9,"column":24},"end":{"line":9,"column":78}},"type":"cond-expr","locations":[{"start":{"line":9,"column":58},"end":{"line":9,"column":73}},{"start":{"line":9,"column":76},"end":{"line":9,"column":78}}],"line":9},"1":{"loc":{"start":{"line":13,"column":67},"end":{"line":13,"column":109}},"type":"binary-expr","locations":[{"start":{"line":13,"column":67},"end":{"line":13,"column":92}},{"start":{"line":13,"column":96},"end":{"line":13,"column":109}}],"line":13},"2":{"loc":{"start":{"line":15,"column":4},"end":{"line":18,"column":5}},"type":"if","locations":[{"start":{"line":15,"column":4},"end":{"line":18,"column":5}},{"start":{},"end":{}}],"line":15}},"s":{"0":0,"1":0,"2":0,"3":0,"4":0,"5":0,"6":0,"7":0,"8":0,"9":0,"10":0,"11":0,"12":0,"13":0},"f":{"0":0,"1":0},"b":{"0":[0,0],"1":[0,0],"2":[0,0]},"_coverageSchema":"1a1c01bbd47fc00a2c39e90264f33305004495a9","hash":"97f8c86b1fe8a1974a7948268f85a8eabcc55bc4"}
}
